<?xml version="1.0" encoding="UTF-8"?>
<!-- Generated by org.testng.reporters.JUnitXMLReporter -->
<testsuite hostname="Developer426" ignored="0" name="Maven Testing" tests="12" failures="0" timestamp="2019-07-07T13:08:58 EDT" time="0.048" errors="0">
  <testcase name="Add" time="0.005" classname="com.qa.tests.DemoTest"/>
  <testcase name="Divide" time="0.0" classname="com.qa.tests.DemoTest"/>
  <testcase name="Multiply" time="0.001" classname="com.qa.tests.DemoTest"/>
  <testcase name="Substract" time="0.0" classname="com.qa.tests.DemoTest"/>
  <testcase name="Add" time="0.0" classname="com.qa.tests.DemoTest1"/>
  <testcase name="Divide" time="0.0" classname="com.qa.tests.DemoTest1"/>
  <testcase name="Multiply" time="0.0" classname="com.qa.tests.DemoTest1"/>
  <testcase name="Substract" time="0.001" classname="com.qa.tests.DemoTest1"/>
  <testcase name="Add" time="0.0" classname="com.qa.tests.DemoTest2"/>
  <testcase name="Divide" time="0.001" classname="com.qa.tests.DemoTest2"/>
  <testcase name="Multiply" time="0.0" classname="com.qa.tests.DemoTest2"/>
  <testcase name="Substract" time="0.0" classname="com.qa.tests.DemoTest2"/>
</testsuite> <!-- Maven Testing -->
