<?xml version="1.0" encoding="UTF-8"?>
<!-- Generated by org.testng.reporters.JUnitXMLReporter -->
<testsuite hostname="Developer426" ignored="0" name="Default test" tests="4" failures="0" timestamp="2019-07-07T11:05:39 EDT" time="0.055" errors="0">
  <testcase name="Add" time="0.009" classname="com.qa.tests.DemoTest"/>
  <testcase name="Divide" time="0.002" classname="com.qa.tests.DemoTest"/>
  <testcase name="Multiply" time="0.006" classname="com.qa.tests.DemoTest"/>
  <testcase name="Substract" time="0.001" classname="com.qa.tests.DemoTest"/>
</testsuite> <!-- Default test -->
