<?xml version="1.0" encoding="UTF-8"?>
<testng-results skipped="0" failed="0" ignored="0" total="12" passed="12">
  <reporter-output>
  </reporter-output>
  <suite name="Test Maven Suite" duration-ms="48" started-at="2019-07-07T13:08:58 EDT" finished-at="2019-07-07T13:08:58 EDT">
    <groups>
    </groups>
    <test name="Maven Testing" duration-ms="48" started-at="2019-07-07T13:08:58 EDT" finished-at="2019-07-07T13:08:58 EDT">
      <class name="com.qa.tests.DemoTest">
        <test-method status="PASS" signature="Add()[pri:0, instance:com.qa.tests.DemoTest@4439f31e]" name="Add" duration-ms="5" started-at="2019-07-07T13:08:58 EDT" finished-at="2019-07-07T13:08:58 EDT">
          <reporter-output>
          </reporter-output>
        </test-method> <!-- Add -->
        <test-method status="PASS" signature="Divide()[pri:0, instance:com.qa.tests.DemoTest@4439f31e]" name="Divide" duration-ms="0" started-at="2019-07-07T13:08:58 EDT" finished-at="2019-07-07T13:08:58 EDT">
          <reporter-output>
          </reporter-output>
        </test-method> <!-- Divide -->
        <test-method status="PASS" signature="Multiply()[pri:0, instance:com.qa.tests.DemoTest@4439f31e]" name="Multiply" duration-ms="1" started-at="2019-07-07T13:08:58 EDT" finished-at="2019-07-07T13:08:58 EDT">
          <reporter-output>
          </reporter-output>
        </test-method> <!-- Multiply -->
        <test-method status="PASS" signature="Substract()[pri:0, instance:com.qa.tests.DemoTest@4439f31e]" name="Substract" duration-ms="0" started-at="2019-07-07T13:08:58 EDT" finished-at="2019-07-07T13:08:58 EDT">
          <reporter-output>
          </reporter-output>
        </test-method> <!-- Substract -->
      </class> <!-- com.qa.tests.DemoTest -->
      <class name="com.qa.tests.DemoTest1">
        <test-method status="PASS" signature="Add()[pri:0, instance:com.qa.tests.DemoTest1@5dfcfece]" name="Add" duration-ms="0" started-at="2019-07-07T13:08:58 EDT" finished-at="2019-07-07T13:08:58 EDT">
          <reporter-output>
          </reporter-output>
        </test-method> <!-- Add -->
        <test-method status="PASS" signature="Divide()[pri:0, instance:com.qa.tests.DemoTest1@5dfcfece]" name="Divide" duration-ms="0" started-at="2019-07-07T13:08:58 EDT" finished-at="2019-07-07T13:08:58 EDT">
          <reporter-output>
          </reporter-output>
        </test-method> <!-- Divide -->
        <test-method status="PASS" signature="Multiply()[pri:0, instance:com.qa.tests.DemoTest1@5dfcfece]" name="Multiply" duration-ms="0" started-at="2019-07-07T13:08:58 EDT" finished-at="2019-07-07T13:08:58 EDT">
          <reporter-output>
          </reporter-output>
        </test-method> <!-- Multiply -->
        <test-method status="PASS" signature="Substract()[pri:0, instance:com.qa.tests.DemoTest1@5dfcfece]" name="Substract" duration-ms="1" started-at="2019-07-07T13:08:58 EDT" finished-at="2019-07-07T13:08:58 EDT">
          <reporter-output>
          </reporter-output>
        </test-method> <!-- Substract -->
      </class> <!-- com.qa.tests.DemoTest1 -->
      <class name="com.qa.tests.DemoTest2">
        <test-method status="PASS" signature="Add()[pri:0, instance:com.qa.tests.DemoTest2@23ceabc1]" name="Add" duration-ms="0" started-at="2019-07-07T13:08:58 EDT" finished-at="2019-07-07T13:08:58 EDT">
          <reporter-output>
          </reporter-output>
        </test-method> <!-- Add -->
        <test-method status="PASS" signature="Divide()[pri:0, instance:com.qa.tests.DemoTest2@23ceabc1]" name="Divide" duration-ms="1" started-at="2019-07-07T13:08:58 EDT" finished-at="2019-07-07T13:08:58 EDT">
          <reporter-output>
          </reporter-output>
        </test-method> <!-- Divide -->
        <test-method status="PASS" signature="Substract()[pri:0, instance:com.qa.tests.DemoTest2@23ceabc1]" name="Substract" duration-ms="0" started-at="2019-07-07T13:08:58 EDT" finished-at="2019-07-07T13:08:58 EDT">
          <reporter-output>
          </reporter-output>
        </test-method> <!-- Substract -->
        <test-method status="PASS" signature="Multiply()[pri:0, instance:com.qa.tests.DemoTest2@23ceabc1]" name="Multiply" duration-ms="0" started-at="2019-07-07T13:08:58 EDT" finished-at="2019-07-07T13:08:58 EDT">
          <reporter-output>
          </reporter-output>
        </test-method> <!-- Multiply -->
      </class> <!-- com.qa.tests.DemoTest2 -->
    </test> <!-- Maven Testing -->
  </suite> <!-- Test Maven Suite -->
</testng-results>
