<?xml version="1.0" encoding="UTF-8"?>
<testsuite xmlns:xsi="http://www.w3.org/2001/XMLSchema-instance" xsi:schemaLocation="https://maven.apache.org/surefire/maven-surefire-plugin/xsd/surefire-test-report.xsd" name="TestSuite" time="0.615" tests="12" errors="0" skipped="0" failures="0">
  <properties>
[...]
</properties>
  <testcase name="Add" classname="com.qa.tests.DemoTest" time="0.005"/>
  <testcase name="Divide" classname="com.qa.tests.DemoTest" time="0"/>
  <testcase name="Multiply" classname="com.qa.tests.DemoTest" time="0"/>
  <testcase name="Substract" classname="com.qa.tests.DemoTest" time="0"/>
  <testcase name="Add" classname="com.qa.tests.DemoTest1" time="0.001"/>
  <testcase name="Divide" classname="com.qa.tests.DemoTest1" time="0"/>
  <testcase name="Multiply" classname="com.qa.tests.DemoTest1" time="0.001"/>
  <testcase name="Substract" classname="com.qa.tests.DemoTest1" time="0"/>
  <testcase name="Add" classname="com.qa.tests.DemoTest2" time="0.001"/>
  <testcase name="Divide" classname="com.qa.tests.DemoTest2" time="0"/>
  <testcase name="Multiply" classname="com.qa.tests.DemoTest2" time="0"/>
  <testcase name="Substract" classname="com.qa.tests.DemoTest2" time="0"/>
</testsuite>