<?xml version="1.0" encoding="UTF-8"?>
<testng-results skipped="0" failed="0" ignored="0" total="4" passed="4">
  <reporter-output>
  </reporter-output>
  <suite name="Default suite" duration-ms="55" started-at="2019-07-07T11:05:39 EDT" finished-at="2019-07-07T11:05:39 EDT">
    <groups>
    </groups>
    <test name="Default test" duration-ms="55" started-at="2019-07-07T11:05:39 EDT" finished-at="2019-07-07T11:05:39 EDT">
      <class name="com.qa.tests.DemoTest">
        <test-method status="PASS" signature="Add()[pri:0, instance:com.qa.tests.DemoTest@2038ae61]" name="Add" duration-ms="9" started-at="2019-07-07T11:05:39 EDT" finished-at="2019-07-07T11:05:39 EDT">
          <reporter-output>
          </reporter-output>
        </test-method> <!-- Add -->
        <test-method status="PASS" signature="Divide()[pri:0, instance:com.qa.tests.DemoTest@2038ae61]" name="Divide" duration-ms="2" started-at="2019-07-07T11:05:39 EDT" finished-at="2019-07-07T11:05:39 EDT">
          <reporter-output>
          </reporter-output>
        </test-method> <!-- Divide -->
        <test-method status="PASS" signature="Multiply()[pri:0, instance:com.qa.tests.DemoTest@2038ae61]" name="Multiply" duration-ms="6" started-at="2019-07-07T11:05:39 EDT" finished-at="2019-07-07T11:05:39 EDT">
          <reporter-output>
          </reporter-output>
        </test-method> <!-- Multiply -->
        <test-method status="PASS" signature="Substract()[pri:0, instance:com.qa.tests.DemoTest@2038ae61]" name="Substract" duration-ms="1" started-at="2019-07-07T11:05:39 EDT" finished-at="2019-07-07T11:05:39 EDT">
          <reporter-output>
          </reporter-output>
        </test-method> <!-- Substract -->
      </class> <!-- com.qa.tests.DemoTest -->
    </test> <!-- Default test -->
  </suite> <!-- Default suite -->
</testng-results>
